<?xml version="1.0" encoding="UTF-8"?>
<testsuite xmlns:xsi="http://www.w3.org/2001/XMLSchema-instance" xsi:noNamespaceSchemaLocation="https://maven.apache.org/surefire/maven-surefire-plugin/xsd/surefire-test-report-3.0.xsd" version="3.0" name="com.scadaprimacipta.mocktesting.controller.EmployeeControllerTest" time="0.067" tests="7" errors="0" skipped="0" failures="0">
  <properties>
[...]
</properties>
  <testcase name="updateEmployeeNotFound" classname="com.scadaprimacipta.mocktesting.controller.EmployeeControllerTest" time="0.035"/>
  <testcase name="deleteEmployee" classname="com.scadaprimacipta.mocktesting.controller.EmployeeControllerTest" time="0.006"/>
  <testcase name="getEmployeeById" classname="com.scadaprimacipta.mocktesting.controller.EmployeeControllerTest" time="0.002"/>
  <testcase name="getAllEmployee" classname="com.scadaprimacipta.mocktesting.controller.EmployeeControllerTest" time="0.002"/>
  <testcase name="getEmployeeByIdNotFound" classname="com.scadaprimacipta.mocktesting.controller.EmployeeControllerTest" time="0.002"/>
  <testcase name="updateEmployee" classname="com.scadaprimacipta.mocktesting.controller.EmployeeControllerTest" time="0.004"/>
  <testcase name="createEmployee" classname="com.scadaprimacipta.mocktesting.controller.EmployeeControllerTest" time="0.002"/>
</testsuite>